2024-11-01 14:38:05,681 - INFO - Database connection established.
2024-11-01 14:38:05,681 - INFO - Processing INSERT statement for table goals...
2024-11-01 14:38:05,684 - ERROR - Error during INSERT for table goals: relation "silver.goals" does not exist
LINE 1: INSERT INTO silver.goals (
                    ^

2024-11-01 14:38:05,684 - INFO - Committed changes for table goals.
2024-11-01 14:38:05,684 - INFO - Processing INSERT statement for table referee_appearances...
2024-11-01 14:38:05,686 - ERROR - Error during INSERT for table referee_appearances: relation "silver.referee_appearances" does not exist
LINE 1: INSERT INTO silver.referee_appearances (
                    ^

2024-11-01 14:38:05,686 - INFO - Committed changes for table referee_appearances.
2024-11-01 14:38:05,686 - INFO - Processing INSERT statement for table award_winners...
2024-11-01 14:38:05,688 - ERROR - Error during INSERT for table award_winners: relation "silver.award_winners" does not exist
LINE 1: INSERT INTO silver.award_winners (key_id, tournament_id, tou...
                    ^

2024-11-01 14:38:05,688 - INFO - Committed changes for table award_winners.
2024-11-01 14:38:05,688 - INFO - Processing INSERT statement for table matches...
2024-11-01 14:38:05,689 - ERROR - Error during INSERT for table matches: relation "silver.matches" does not exist
LINE 1: INSERT INTO silver.matches (
                    ^

2024-11-01 14:38:05,690 - INFO - Committed changes for table matches.
2024-11-01 14:38:05,690 - INFO - Processing INSERT statement for table tournaments...
2024-11-01 14:38:05,691 - ERROR - Error during INSERT for table tournaments: relation "silver.tournaments" does not exist
LINE 1: INSERT INTO silver.tournaments (
                    ^

2024-11-01 14:38:05,691 - INFO - Committed changes for table tournaments.
2024-11-01 14:38:05,691 - INFO - Processing CREATE statement for table bookings...
2024-11-01 14:38:05,702 - INFO - CREATE successful for table bookings.
2024-11-01 14:38:05,702 - INFO - Processing INSERT statement for table confederations...
2024-11-01 14:38:05,704 - ERROR - Error during INSERT for table confederations: syntax error at or near "federations"
LINE 1: INSERT INTO silver.con federations (
                               ^

2024-11-01 14:38:05,704 - INFO - Committed changes for table confederations.
2024-11-01 14:38:05,704 - INFO - Processing CREATE statement for table referee_appointments...
2024-11-01 14:38:05,706 - INFO - CREATE successful for table referee_appointments.
2024-11-01 14:38:05,706 - INFO - Processing CREATE statement for table manager_appointments...
2024-11-01 14:38:05,710 - INFO - CREATE successful for table manager_appointments.
2024-11-01 14:38:05,710 - INFO - Processing INSERT statement for table substitutions...
2024-11-01 14:38:05,711 - ERROR - Error during INSERT for table substitutions: relation "silver.substitutions" does not exist
LINE 1: INSERT INTO silver.substitutions (
                    ^

2024-11-01 14:38:05,711 - INFO - Committed changes for table substitutions.
2024-11-01 14:38:05,711 - INFO - Processing CREATE statement for table tournament_stages...
2024-11-01 14:38:05,712 - INFO - CREATE successful for table tournament_stages.
2024-11-01 14:38:05,712 - INFO - Processing CREATE statement for table penalty_kicks...
2024-11-01 14:38:05,713 - INFO - CREATE successful for table penalty_kicks.
2024-11-01 14:38:05,713 - INFO - Processing INSERT statement for table qualified_teams...
2024-11-01 14:38:05,714 - ERROR - Error during INSERT for table qualified_teams: relation "silver.qualified_teams" does not exist
LINE 1: INSERT INTO silver.qualified_teams (
                    ^

2024-11-01 14:38:05,714 - INFO - Committed changes for table qualified_teams.
2024-11-01 14:38:05,714 - INFO - Processing INSERT statement for table stadiums...
2024-11-01 14:38:05,715 - ERROR - Error during INSERT for table stadiums: relation "silver.stadiums" does not exist
LINE 1: INSERT INTO silver.stadiums (
                    ^

2024-11-01 14:38:05,715 - INFO - Committed changes for table stadiums.
2024-11-01 14:38:05,715 - INFO - Processing INSERT statement for table host_countries...
2024-11-01 14:38:05,716 - ERROR - Error during INSERT for table host_countries: relation "silver.host_countries" does not exist
LINE 1: INSERT INTO silver.host_countries (
                    ^

2024-11-01 14:38:05,716 - INFO - Committed changes for table host_countries.
2024-11-01 14:38:05,716 - INFO - Processing CREATE statement for table matches...
2024-11-01 14:38:05,717 - INFO - CREATE successful for table matches.
2024-11-01 14:38:05,717 - INFO - Processing INSERT statement for table awards...
2024-11-01 14:38:05,718 - ERROR - Error during INSERT for table awards: relation "silver.awards" does not exist
LINE 1: INSERT INTO silver.awards (key_id, award_id, award_name, awa...
                    ^

2024-11-01 14:38:05,718 - INFO - Committed changes for table awards.
2024-11-01 14:38:05,718 - INFO - Processing CREATE statement for table groups...
2024-11-01 14:38:05,720 - INFO - CREATE successful for table groups.
2024-11-01 14:38:05,720 - INFO - Processing CREATE statement for table manager_appearances...
2024-11-01 14:38:05,722 - INFO - CREATE successful for table manager_appearances.
2024-11-01 14:38:05,722 - INFO - Processing CREATE statement for table managers...
2024-11-01 14:38:05,723 - INFO - CREATE successful for table managers.
2024-11-01 14:38:05,723 - INFO - Processing INSERT statement for table tournament_standings...
2024-11-01 14:38:05,724 - ERROR - Error during INSERT for table tournament_standings: relation "silver.tournament_standings" does not exist
LINE 1: INSERT INTO silver.tournament_standings (
                    ^

2024-11-01 14:38:05,724 - INFO - Committed changes for table tournament_standings.
2024-11-01 14:38:05,724 - INFO - Processing INSERT statement for table squads...
2024-11-01 14:38:05,725 - ERROR - Error during INSERT for table squads: relation "silver.squads" does not exist
LINE 1: INSERT INTO silver.squads (
                    ^

2024-11-01 14:38:05,725 - INFO - Committed changes for table squads.
2024-11-01 14:38:05,725 - INFO - Processing CREATE statement for table referees...
2024-11-01 14:38:05,726 - INFO - CREATE successful for table referees.
2024-11-01 14:38:05,726 - INFO - Processing CREATE statement for table qualified_teams...
2024-11-01 14:38:05,727 - INFO - CREATE successful for table qualified_teams.
2024-11-01 14:38:05,727 - INFO - Processing CREATE statement for table goals...
2024-11-01 14:38:05,728 - INFO - CREATE successful for table goals.
2024-11-01 14:38:05,728 - INFO - Processing CREATE statement for table tournament_standings...
2024-11-01 14:38:05,729 - INFO - CREATE successful for table tournament_standings.
2024-11-01 14:38:05,729 - INFO - Processing CREATE statement for table squads...
2024-11-01 14:38:05,730 - INFO - CREATE successful for table squads.
2024-11-01 14:38:05,730 - INFO - Processing INSERT statement for table managers...
2024-11-01 14:38:05,730 - ERROR - Error during INSERT for table managers: relation "silver.managers" does not exist
LINE 1: INSERT INTO silver.managers (
                    ^

2024-11-01 14:38:05,731 - INFO - Committed changes for table managers.
2024-11-01 14:38:05,731 - INFO - Processing CREATE statement for table award_winners...
2024-11-01 14:38:05,732 - INFO - CREATE successful for table award_winners.
2024-11-01 14:38:05,732 - INFO - Processing CREATE statement for table players...
2024-11-01 14:38:05,733 - INFO - CREATE successful for table players.
2024-11-01 14:38:05,733 - INFO - Processing CREATE statement for table stadiums...
2024-11-01 14:38:05,733 - INFO - CREATE successful for table stadiums.
2024-11-01 14:38:05,734 - INFO - Processing CREATE statement for table tournaments...
2024-11-01 14:38:05,734 - INFO - CREATE successful for table tournaments.
2024-11-01 14:38:05,734 - INFO - Processing CREATE statement for table player_appearances...
2024-11-01 14:38:05,735 - INFO - CREATE successful for table player_appearances.
2024-11-01 14:38:05,735 - INFO - Processing INSERT statement for table manager_appearances...
2024-11-01 14:38:05,736 - ERROR - Error during INSERT for table manager_appearances: relation "silver.manager_appearances" does not exist
LINE 1: INSERT INTO silver.manager_appearances (
                    ^

2024-11-01 14:38:05,738 - INFO - Committed changes for table manager_appearances.
2024-11-01 14:38:05,738 - INFO - Processing INSERT statement for table groups...
2024-11-01 14:38:05,738 - ERROR - Error during INSERT for table groups: relation "silver.groups" does not exist
LINE 1: INSERT INTO silver.groups (
                    ^

2024-11-01 14:38:05,738 - INFO - Committed changes for table groups.
2024-11-01 14:38:05,738 - INFO - Processing CREATE statement for table awards...
2024-11-01 14:38:05,740 - INFO - CREATE successful for table awards.
2024-11-01 14:38:05,740 - INFO - Processing CREATE statement for table teams...
2024-11-01 14:38:05,741 - INFO - CREATE successful for table teams.
2024-11-01 14:38:05,741 - INFO - Processing INSERT statement for table penalty_kicks...
2024-11-01 14:38:05,741 - ERROR - Error during INSERT for table penalty_kicks: relation "silver.penalty_kicks" does not exist
LINE 1: INSERT INTO silver.penalty_kicks (
                    ^

2024-11-01 14:38:05,742 - INFO - Committed changes for table penalty_kicks.
2024-11-01 14:38:05,742 - INFO - Processing CREATE statement for table substitutions...
2024-11-01 14:38:05,742 - INFO - CREATE successful for table substitutions.
2024-11-01 14:38:05,742 - INFO - Processing CREATE statement for table confederations...
2024-11-01 14:38:05,743 - ERROR - Error during CREATE for table confederations: syntax error at or near "federations"
LINE 1: CREATE TABLE IF NOT EXISTS silver.con federations (
                                              ^

2024-11-01 14:38:05,743 - INFO - Processing CREATE statement for table team_appearances...
2024-11-01 14:38:05,743 - ERROR - Error during CREATE for table team_appearances: current transaction is aborted, commands ignored until end of transaction block

2024-11-01 14:38:05,743 - INFO - Processing CREATE statement for table group_standings...
2024-11-01 14:38:05,745 - ERROR - Error during CREATE for table group_standings: current transaction is aborted, commands ignored until end of transaction block

2024-11-01 14:38:05,745 - INFO - Processing INSERT statement for table referees...
2024-11-01 14:38:05,746 - ERROR - Error during INSERT for table referees: current transaction is aborted, commands ignored until end of transaction block

2024-11-01 14:38:05,746 - INFO - Committed changes for table referees.
2024-11-01 14:38:05,746 - INFO - Processing INSERT statement for table players...
2024-11-01 14:38:05,746 - ERROR - Error during INSERT for table players: relation "silver.players" does not exist
LINE 1: INSERT INTO silver.players (
                    ^

2024-11-01 14:38:05,746 - INFO - Committed changes for table players.
2024-11-01 14:38:05,746 - INFO - Processing INSERT statement for table teams...
2024-11-01 14:38:05,747 - ERROR - Error during INSERT for table teams: relation "silver.teams" does not exist
LINE 1: INSERT INTO silver.teams (
                    ^

2024-11-01 14:38:05,747 - INFO - Committed changes for table teams.
2024-11-01 14:38:05,747 - INFO - Processing CREATE statement for table host_countries...
2024-11-01 14:38:05,748 - INFO - CREATE successful for table host_countries.
2024-11-01 14:38:05,748 - INFO - Processing INSERT statement for table referee_appointments...
2024-11-01 14:38:05,749 - ERROR - Error during INSERT for table referee_appointments: relation "silver.referee_appointments" does not exist
LINE 1: INSERT INTO silver.referee_appointments (
                    ^

2024-11-01 14:38:05,749 - INFO - Committed changes for table referee_appointments.
2024-11-01 14:38:05,749 - INFO - Processing INSERT statement for table manager_appointments...
2024-11-01 14:38:05,750 - ERROR - Error during INSERT for table manager_appointments: relation "silver.manager_appointments" does not exist
LINE 1: INSERT INTO silver.manager_appointments (
                    ^

2024-11-01 14:38:05,750 - INFO - Committed changes for table manager_appointments.
2024-11-01 14:38:05,751 - INFO - Processing INSERT statement for table team_appearances...
2024-11-01 14:38:05,751 - ERROR - Error during INSERT for table team_appearances: relation "silver.team_appearances" does not exist
LINE 1: INSERT INTO silver.team_appearances (
                    ^

2024-11-01 14:38:05,751 - INFO - Committed changes for table team_appearances.
2024-11-01 14:38:05,751 - INFO - Processing INSERT statement for table tournament_stages...
2024-11-01 14:38:05,752 - ERROR - Error during INSERT for table tournament_stages: relation "silver.tournament_stages" does not exist
LINE 1: INSERT INTO silver.tournament_stages (
                    ^

2024-11-01 14:38:05,752 - INFO - Committed changes for table tournament_stages.
2024-11-01 14:38:05,752 - INFO - Processing INSERT statement for table group_standings...
2024-11-01 14:38:05,752 - ERROR - Error during INSERT for table group_standings: relation "silver.group_standings" does not exist
LINE 1: INSERT INTO silver.group_standings (
                    ^

2024-11-01 14:38:05,753 - INFO - Committed changes for table group_standings.
2024-11-01 14:38:05,753 - INFO - Processing CREATE statement for table referee_appearances...
2024-11-01 14:38:05,754 - INFO - CREATE successful for table referee_appearances.
2024-11-01 14:38:05,754 - INFO - Processing INSERT statement for table player_appearances...
2024-11-01 14:38:05,754 - ERROR - Error during INSERT for table player_appearances: relation "silver.player_appearances" does not exist
LINE 1: INSERT INTO silver.player_appearances (
                    ^

2024-11-01 14:38:05,754 - INFO - Committed changes for table player_appearances.
2024-11-01 14:38:05,754 - INFO - Processing INSERT statement for table bookings...
2024-11-01 14:38:05,755 - ERROR - Error during INSERT for table bookings: relation "silver.bookings" does not exist
LINE 1: INSERT INTO silver.bookings (
                    ^

2024-11-01 14:38:05,755 - INFO - Committed changes for table bookings.
2024-11-01 14:38:05,755 - INFO - Database connection closed.
2024-11-01 14:39:06,653 - INFO - Database connection established.
2024-11-01 14:39:06,653 - INFO - Processing INSERT statement for table goals...
2024-11-01 14:39:06,655 - ERROR - Error during INSERT for table goals: relation "silver.goals" does not exist
LINE 1: INSERT INTO silver.goals (
                    ^

2024-11-01 14:39:06,655 - INFO - Committed changes for table goals.
2024-11-01 14:39:06,655 - INFO - Processing INSERT statement for table referee_appearances...
2024-11-01 14:39:06,656 - ERROR - Error during INSERT for table referee_appearances: relation "silver.referee_appearances" does not exist
LINE 1: INSERT INTO silver.referee_appearances (
                    ^

2024-11-01 14:39:06,657 - INFO - Committed changes for table referee_appearances.
2024-11-01 14:39:06,657 - INFO - Processing INSERT statement for table award_winners...
2024-11-01 14:39:06,658 - ERROR - Error during INSERT for table award_winners: relation "silver.award_winners" does not exist
LINE 1: INSERT INTO silver.award_winners (key_id, tournament_id, tou...
                    ^

2024-11-01 14:39:06,658 - INFO - Committed changes for table award_winners.
2024-11-01 14:39:06,658 - INFO - Processing INSERT statement for table matches...
2024-11-01 14:39:06,659 - ERROR - Error during INSERT for table matches: relation "silver.matches" does not exist
LINE 1: INSERT INTO silver.matches (
                    ^

2024-11-01 14:39:06,660 - INFO - Committed changes for table matches.
2024-11-01 14:39:06,660 - INFO - Processing INSERT statement for table tournaments...
2024-11-01 14:39:06,661 - ERROR - Error during INSERT for table tournaments: relation "silver.tournaments" does not exist
LINE 1: INSERT INTO silver.tournaments (
                    ^

2024-11-01 14:39:06,661 - INFO - Committed changes for table tournaments.
2024-11-01 14:39:06,661 - INFO - Processing CREATE statement for table bookings...
2024-11-01 14:39:06,665 - INFO - CREATE successful for table bookings.
2024-11-01 14:39:06,666 - INFO - Processing INSERT statement for table confederations...
2024-11-01 14:39:06,667 - ERROR - Error during INSERT for table confederations: syntax error at or near "federations"
LINE 1: INSERT INTO silver.con federations (
                               ^

2024-11-01 14:39:06,667 - INFO - Committed changes for table confederations.
2024-11-01 14:39:06,667 - INFO - Processing CREATE statement for table referee_appointments...
2024-11-01 14:39:06,669 - INFO - CREATE successful for table referee_appointments.
2024-11-01 14:39:06,669 - INFO - Processing CREATE statement for table manager_appointments...
2024-11-01 14:39:06,672 - INFO - CREATE successful for table manager_appointments.
2024-11-01 14:39:06,672 - INFO - Processing INSERT statement for table substitutions...
2024-11-01 14:39:06,673 - ERROR - Error during INSERT for table substitutions: relation "silver.substitutions" does not exist
LINE 1: INSERT INTO silver.substitutions (
                    ^

2024-11-01 14:39:06,673 - INFO - Committed changes for table substitutions.
2024-11-01 14:39:06,673 - INFO - Processing CREATE statement for table tournament_stages...
2024-11-01 14:39:06,676 - INFO - CREATE successful for table tournament_stages.
2024-11-01 14:39:06,676 - INFO - Processing CREATE statement for table penalty_kicks...
2024-11-01 14:39:06,677 - INFO - CREATE successful for table penalty_kicks.
2024-11-01 14:39:06,677 - INFO - Processing INSERT statement for table qualified_teams...
2024-11-01 14:39:06,678 - ERROR - Error during INSERT for table qualified_teams: relation "silver.qualified_teams" does not exist
LINE 1: INSERT INTO silver.qualified_teams (
                    ^

2024-11-01 14:39:06,678 - INFO - Committed changes for table qualified_teams.
2024-11-01 14:39:06,678 - INFO - Processing INSERT statement for table stadiums...
2024-11-01 14:39:06,679 - ERROR - Error during INSERT for table stadiums: relation "silver.stadiums" does not exist
LINE 1: INSERT INTO silver.stadiums (
                    ^

2024-11-01 14:39:06,679 - INFO - Committed changes for table stadiums.
2024-11-01 14:39:06,679 - INFO - Processing INSERT statement for table host_countries...
2024-11-01 14:39:06,680 - ERROR - Error during INSERT for table host_countries: relation "silver.host_countries" does not exist
LINE 1: INSERT INTO silver.host_countries (
                    ^

2024-11-01 14:39:06,680 - INFO - Committed changes for table host_countries.
2024-11-01 14:39:06,680 - INFO - Processing CREATE statement for table matches...
2024-11-01 14:39:06,682 - INFO - CREATE successful for table matches.
2024-11-01 14:39:06,682 - INFO - Processing INSERT statement for table awards...
2024-11-01 14:39:06,682 - ERROR - Error during INSERT for table awards: relation "silver.awards" does not exist
LINE 1: INSERT INTO silver.awards (key_id, award_id, award_name, awa...
                    ^

2024-11-01 14:39:06,682 - INFO - Committed changes for table awards.
2024-11-01 14:39:06,682 - INFO - Processing CREATE statement for table groups...
2024-11-01 14:39:06,684 - INFO - CREATE successful for table groups.
2024-11-01 14:39:06,684 - INFO - Processing CREATE statement for table manager_appearances...
2024-11-01 14:39:06,685 - INFO - CREATE successful for table manager_appearances.
2024-11-01 14:39:06,685 - INFO - Processing CREATE statement for table managers...
2024-11-01 14:39:06,686 - INFO - CREATE successful for table managers.
2024-11-01 14:39:06,686 - INFO - Processing INSERT statement for table tournament_standings...
2024-11-01 14:39:06,687 - ERROR - Error during INSERT for table tournament_standings: relation "silver.tournament_standings" does not exist
LINE 1: INSERT INTO silver.tournament_standings (
                    ^

2024-11-01 14:39:06,687 - INFO - Committed changes for table tournament_standings.
2024-11-01 14:39:06,687 - INFO - Processing INSERT statement for table squads...
2024-11-01 14:39:06,688 - ERROR - Error during INSERT for table squads: relation "silver.squads" does not exist
LINE 1: INSERT INTO silver.squads (
                    ^

2024-11-01 14:39:06,688 - INFO - Committed changes for table squads.
2024-11-01 14:39:06,688 - INFO - Processing CREATE statement for table referees...
2024-11-01 14:39:06,689 - INFO - CREATE successful for table referees.
2024-11-01 14:39:06,689 - INFO - Processing CREATE statement for table qualified_teams...
2024-11-01 14:39:06,690 - INFO - CREATE successful for table qualified_teams.
2024-11-01 14:39:06,690 - INFO - Processing CREATE statement for table goals...
2024-11-01 14:39:06,691 - INFO - CREATE successful for table goals.
2024-11-01 14:39:06,691 - INFO - Processing CREATE statement for table tournament_standings...
2024-11-01 14:39:06,691 - INFO - CREATE successful for table tournament_standings.
2024-11-01 14:39:06,691 - INFO - Processing CREATE statement for table squads...
2024-11-01 14:39:06,692 - INFO - CREATE successful for table squads.
2024-11-01 14:39:06,692 - INFO - Processing INSERT statement for table managers...
2024-11-01 14:39:06,693 - ERROR - Error during INSERT for table managers: relation "silver.managers" does not exist
LINE 1: INSERT INTO silver.managers (
                    ^

2024-11-01 14:39:06,693 - INFO - Committed changes for table managers.
2024-11-01 14:39:06,693 - INFO - Processing CREATE statement for table award_winners...
2024-11-01 14:39:06,694 - INFO - CREATE successful for table award_winners.
2024-11-01 14:39:06,694 - INFO - Processing CREATE statement for table players...
2024-11-01 14:39:06,695 - INFO - CREATE successful for table players.
2024-11-01 14:39:06,695 - INFO - Processing CREATE statement for table stadiums...
2024-11-01 14:39:06,696 - INFO - CREATE successful for table stadiums.
2024-11-01 14:39:06,696 - INFO - Processing CREATE statement for table tournaments...
2024-11-01 14:39:06,697 - INFO - CREATE successful for table tournaments.
2024-11-01 14:39:06,697 - INFO - Processing CREATE statement for table player_appearances...
2024-11-01 14:39:06,698 - INFO - CREATE successful for table player_appearances.
2024-11-01 14:39:06,698 - INFO - Processing INSERT statement for table manager_appearances...
2024-11-01 14:39:06,699 - ERROR - Error during INSERT for table manager_appearances: relation "silver.manager_appearances" does not exist
LINE 1: INSERT INTO silver.manager_appearances (
                    ^

2024-11-01 14:39:06,699 - INFO - Committed changes for table manager_appearances.
2024-11-01 14:39:06,699 - INFO - Processing INSERT statement for table groups...
2024-11-01 14:39:06,699 - ERROR - Error during INSERT for table groups: relation "silver.groups" does not exist
LINE 1: INSERT INTO silver.groups (
                    ^

2024-11-01 14:39:06,700 - INFO - Committed changes for table groups.
2024-11-01 14:39:06,700 - INFO - Processing CREATE statement for table awards...
2024-11-01 14:39:06,700 - INFO - CREATE successful for table awards.
2024-11-01 14:39:06,700 - INFO - Processing CREATE statement for table teams...
2024-11-01 14:39:06,701 - INFO - CREATE successful for table teams.
2024-11-01 14:39:06,701 - INFO - Processing INSERT statement for table penalty_kicks...
2024-11-01 14:39:06,702 - ERROR - Error during INSERT for table penalty_kicks: relation "silver.penalty_kicks" does not exist
LINE 1: INSERT INTO silver.penalty_kicks (
                    ^

2024-11-01 14:39:06,702 - INFO - Committed changes for table penalty_kicks.
2024-11-01 14:39:06,702 - INFO - Processing CREATE statement for table substitutions...
2024-11-01 14:39:06,703 - INFO - CREATE successful for table substitutions.
2024-11-01 14:39:06,703 - INFO - Processing CREATE statement for table confederations...
2024-11-01 14:39:06,704 - ERROR - Error during CREATE for table confederations: syntax error at or near "federations"
LINE 1: CREATE TABLE IF NOT EXISTS silver.con federations (
                                              ^

2024-11-01 14:39:06,704 - INFO - Processing CREATE statement for table team_appearances...
2024-11-01 14:39:06,704 - ERROR - Error during CREATE for table team_appearances: current transaction is aborted, commands ignored until end of transaction block

2024-11-01 14:39:06,704 - INFO - Processing CREATE statement for table group_standings...
2024-11-01 14:39:06,704 - ERROR - Error during CREATE for table group_standings: current transaction is aborted, commands ignored until end of transaction block

2024-11-01 14:39:06,704 - INFO - Processing INSERT statement for table referees...
2024-11-01 14:39:06,705 - ERROR - Error during INSERT for table referees: current transaction is aborted, commands ignored until end of transaction block

2024-11-01 14:39:06,705 - INFO - Committed changes for table referees.
2024-11-01 14:39:06,705 - INFO - Processing INSERT statement for table players...
2024-11-01 14:39:06,705 - ERROR - Error during INSERT for table players: relation "silver.players" does not exist
LINE 1: INSERT INTO silver.players (
                    ^

2024-11-01 14:39:06,705 - INFO - Committed changes for table players.
2024-11-01 14:39:06,705 - INFO - Processing INSERT statement for table teams...
2024-11-01 14:39:06,706 - ERROR - Error during INSERT for table teams: relation "silver.teams" does not exist
LINE 1: INSERT INTO silver.teams (
                    ^

2024-11-01 14:39:06,706 - INFO - Committed changes for table teams.
2024-11-01 14:39:06,706 - INFO - Processing CREATE statement for table host_countries...
2024-11-01 14:39:06,707 - INFO - CREATE successful for table host_countries.
2024-11-01 14:39:06,707 - INFO - Processing INSERT statement for table referee_appointments...
2024-11-01 14:39:06,707 - ERROR - Error during INSERT for table referee_appointments: relation "silver.referee_appointments" does not exist
LINE 1: INSERT INTO silver.referee_appointments (
                    ^

2024-11-01 14:39:06,708 - INFO - Committed changes for table referee_appointments.
2024-11-01 14:39:06,708 - INFO - Processing INSERT statement for table manager_appointments...
2024-11-01 14:39:06,708 - ERROR - Error during INSERT for table manager_appointments: relation "silver.manager_appointments" does not exist
LINE 1: INSERT INTO silver.manager_appointments (
                    ^

2024-11-01 14:39:06,708 - INFO - Committed changes for table manager_appointments.
2024-11-01 14:39:06,708 - INFO - Processing INSERT statement for table team_appearances...
2024-11-01 14:39:06,709 - ERROR - Error during INSERT for table team_appearances: relation "silver.team_appearances" does not exist
LINE 1: INSERT INTO silver.team_appearances (
                    ^

2024-11-01 14:39:06,709 - INFO - Committed changes for table team_appearances.
2024-11-01 14:39:06,709 - INFO - Processing INSERT statement for table tournament_stages...
2024-11-01 14:39:06,710 - ERROR - Error during INSERT for table tournament_stages: relation "silver.tournament_stages" does not exist
LINE 1: INSERT INTO silver.tournament_stages (
                    ^

2024-11-01 14:39:06,710 - INFO - Committed changes for table tournament_stages.
2024-11-01 14:39:06,710 - INFO - Processing INSERT statement for table group_standings...
2024-11-01 14:39:06,710 - ERROR - Error during INSERT for table group_standings: relation "silver.group_standings" does not exist
LINE 1: INSERT INTO silver.group_standings (
                    ^

2024-11-01 14:39:06,710 - INFO - Committed changes for table group_standings.
2024-11-01 14:39:06,711 - INFO - Processing CREATE statement for table referee_appearances...
2024-11-01 14:39:06,711 - INFO - CREATE successful for table referee_appearances.
2024-11-01 14:39:06,711 - INFO - Processing INSERT statement for table player_appearances...
2024-11-01 14:39:06,712 - ERROR - Error during INSERT for table player_appearances: relation "silver.player_appearances" does not exist
LINE 1: INSERT INTO silver.player_appearances (
                    ^

2024-11-01 14:39:06,712 - INFO - Committed changes for table player_appearances.
2024-11-01 14:39:06,712 - INFO - Processing INSERT statement for table bookings...
2024-11-01 14:39:06,713 - ERROR - Error during INSERT for table bookings: relation "silver.bookings" does not exist
LINE 1: INSERT INTO silver.bookings (
                    ^

2024-11-01 14:39:06,713 - INFO - Committed changes for table bookings.
2024-11-01 14:39:06,713 - INFO - Database connection closed.
2024-11-01 14:40:21,925 - INFO - Database connection established.
2024-11-01 14:40:21,932 - INFO - Executed silver_sql_statements/create_award_winners.sql successfully.
2024-11-01 14:40:21,934 - INFO - Executed silver_sql_statements/create_awards.sql successfully.
2024-11-01 14:40:21,936 - INFO - Executed silver_sql_statements/create_bookings.sql successfully.
2024-11-01 14:40:21,938 - ERROR - Error executing silver_sql_statements/create_confederations.sql: syntax error at or near "federations"
LINE 1: CREATE TABLE IF NOT EXISTS silver.con federations (
                                              ^

2024-11-01 14:40:21,939 - ERROR - Error executing silver_sql_statements/create_goals.sql: current transaction is aborted, commands ignored until end of transaction block

2024-11-01 14:40:21,939 - ERROR - Error executing silver_sql_statements/create_group_standings.sql: current transaction is aborted, commands ignored until end of transaction block

2024-11-01 14:40:21,940 - ERROR - Error executing silver_sql_statements/create_groups.sql: current transaction is aborted, commands ignored until end of transaction block

2024-11-01 14:40:21,941 - ERROR - Error executing silver_sql_statements/create_host_countries.sql: current transaction is aborted, commands ignored until end of transaction block

2024-11-01 14:40:21,942 - ERROR - Error executing silver_sql_statements/create_manager_appearances.sql: current transaction is aborted, commands ignored until end of transaction block

2024-11-01 14:40:21,942 - ERROR - Error executing silver_sql_statements/create_manager_appointments.sql: current transaction is aborted, commands ignored until end of transaction block

2024-11-01 14:40:21,943 - ERROR - Error executing silver_sql_statements/create_managers.sql: current transaction is aborted, commands ignored until end of transaction block

2024-11-01 14:40:21,944 - ERROR - Error executing silver_sql_statements/create_matches.sql: current transaction is aborted, commands ignored until end of transaction block

2024-11-01 14:40:21,945 - ERROR - Error executing silver_sql_statements/create_penalty_kicks.sql: current transaction is aborted, commands ignored until end of transaction block

2024-11-01 14:40:21,945 - ERROR - Error executing silver_sql_statements/create_player_appearances.sql: current transaction is aborted, commands ignored until end of transaction block

2024-11-01 14:40:21,946 - ERROR - Error executing silver_sql_statements/create_players.sql: current transaction is aborted, commands ignored until end of transaction block

2024-11-01 14:40:21,946 - ERROR - Error executing silver_sql_statements/create_qualified_teams.sql: current transaction is aborted, commands ignored until end of transaction block

2024-11-01 14:40:21,947 - ERROR - Error executing silver_sql_statements/create_referee_appearances.sql: current transaction is aborted, commands ignored until end of transaction block

2024-11-01 14:40:21,948 - ERROR - Error executing silver_sql_statements/create_referee_appointments.sql: current transaction is aborted, commands ignored until end of transaction block

2024-11-01 14:40:21,948 - ERROR - Error executing silver_sql_statements/create_referees.sql: current transaction is aborted, commands ignored until end of transaction block

2024-11-01 14:40:21,949 - ERROR - Error executing silver_sql_statements/create_squads.sql: current transaction is aborted, commands ignored until end of transaction block

2024-11-01 14:40:21,950 - ERROR - Error executing silver_sql_statements/create_stadiums.sql: current transaction is aborted, commands ignored until end of transaction block

2024-11-01 14:40:21,950 - ERROR - Error executing silver_sql_statements/create_substitutions.sql: current transaction is aborted, commands ignored until end of transaction block

2024-11-01 14:40:21,951 - ERROR - Error executing silver_sql_statements/create_team_appearances.sql: current transaction is aborted, commands ignored until end of transaction block

2024-11-01 14:40:21,952 - ERROR - Error executing silver_sql_statements/create_teams.sql: current transaction is aborted, commands ignored until end of transaction block

2024-11-01 14:40:21,953 - ERROR - Error executing silver_sql_statements/create_tournament_stages.sql: current transaction is aborted, commands ignored until end of transaction block

2024-11-01 14:40:21,953 - ERROR - Error executing silver_sql_statements/create_tournament_standings.sql: current transaction is aborted, commands ignored until end of transaction block

2024-11-01 14:40:21,954 - ERROR - Error executing silver_sql_statements/create_tournaments.sql: current transaction is aborted, commands ignored until end of transaction block

2024-11-01 14:40:21,955 - ERROR - Error executing silver_sql_statements/insert_award_winners.sql: current transaction is aborted, commands ignored until end of transaction block

2024-11-01 14:40:21,956 - ERROR - Error executing silver_sql_statements/insert_awards.sql: relation "silver.awards" does not exist
LINE 1: INSERT INTO silver.awards (key_id, award_id, award_name, awa...
                    ^

2024-11-01 14:40:21,957 - ERROR - Error executing silver_sql_statements/insert_bookings.sql: relation "silver.bookings" does not exist
LINE 1: INSERT INTO silver.bookings (
                    ^

2024-11-01 14:40:21,958 - ERROR - Error executing silver_sql_statements/insert_confederations.sql: syntax error at or near "federations"
LINE 1: INSERT INTO silver.con federations (
                               ^

2024-11-01 14:40:21,959 - ERROR - Error executing silver_sql_statements/insert_goals.sql: relation "silver.goals" does not exist
LINE 1: INSERT INTO silver.goals (
                    ^

2024-11-01 14:40:21,960 - ERROR - Error executing silver_sql_statements/insert_group_standings.sql: relation "silver.group_standings" does not exist
LINE 1: INSERT INTO silver.group_standings (
                    ^

2024-11-01 14:40:21,961 - ERROR - Error executing silver_sql_statements/insert_groups.sql: relation "silver.groups" does not exist
LINE 1: INSERT INTO silver.groups (
                    ^

2024-11-01 14:40:21,962 - ERROR - Error executing silver_sql_statements/insert_host_countries.sql: relation "silver.host_countries" does not exist
LINE 1: INSERT INTO silver.host_countries (
                    ^

2024-11-01 14:40:21,963 - ERROR - Error executing silver_sql_statements/insert_manager_appearances.sql: relation "silver.manager_appearances" does not exist
LINE 1: INSERT INTO silver.manager_appearances (
                    ^

2024-11-01 14:40:21,964 - ERROR - Error executing silver_sql_statements/insert_manager_appointments.sql: relation "silver.manager_appointments" does not exist
LINE 1: INSERT INTO silver.manager_appointments (
                    ^

2024-11-01 14:40:21,965 - ERROR - Error executing silver_sql_statements/insert_managers.sql: relation "silver.managers" does not exist
LINE 1: INSERT INTO silver.managers (
                    ^

2024-11-01 14:40:21,966 - ERROR - Error executing silver_sql_statements/insert_matches.sql: relation "silver.matches" does not exist
LINE 1: INSERT INTO silver.matches (
                    ^

2024-11-01 14:40:21,967 - ERROR - Error executing silver_sql_statements/insert_penalty_kicks.sql: relation "silver.penalty_kicks" does not exist
LINE 1: INSERT INTO silver.penalty_kicks (
                    ^

2024-11-01 14:40:21,968 - ERROR - Error executing silver_sql_statements/insert_player_appearances.sql: relation "silver.player_appearances" does not exist
LINE 1: INSERT INTO silver.player_appearances (
                    ^

2024-11-01 14:40:21,969 - ERROR - Error executing silver_sql_statements/insert_players.sql: relation "silver.players" does not exist
LINE 1: INSERT INTO silver.players (
                    ^

2024-11-01 14:40:21,969 - ERROR - Error executing silver_sql_statements/insert_qualified_teams.sql: relation "silver.qualified_teams" does not exist
LINE 1: INSERT INTO silver.qualified_teams (
                    ^

2024-11-01 14:40:21,971 - ERROR - Error executing silver_sql_statements/insert_referee_appearances.sql: relation "silver.referee_appearances" does not exist
LINE 1: INSERT INTO silver.referee_appearances (
                    ^

2024-11-01 14:40:21,971 - ERROR - Error executing silver_sql_statements/insert_referee_appointments.sql: relation "silver.referee_appointments" does not exist
LINE 1: INSERT INTO silver.referee_appointments (
                    ^

2024-11-01 14:40:21,972 - ERROR - Error executing silver_sql_statements/insert_referees.sql: relation "silver.referees" does not exist
LINE 1: INSERT INTO silver.referees (
                    ^

2024-11-01 14:40:21,972 - ERROR - Error executing silver_sql_statements/insert_squads.sql: relation "silver.squads" does not exist
LINE 1: INSERT INTO silver.squads (
                    ^

2024-11-01 14:40:21,973 - ERROR - Error executing silver_sql_statements/insert_stadiums.sql: relation "silver.stadiums" does not exist
LINE 1: INSERT INTO silver.stadiums (
                    ^

2024-11-01 14:40:21,974 - ERROR - Error executing silver_sql_statements/insert_substitutions.sql: relation "silver.substitutions" does not exist
LINE 1: INSERT INTO silver.substitutions (
                    ^

2024-11-01 14:40:21,974 - ERROR - Error executing silver_sql_statements/insert_team_appearances.sql: relation "silver.team_appearances" does not exist
LINE 1: INSERT INTO silver.team_appearances (
                    ^

2024-11-01 14:40:21,975 - ERROR - Error executing silver_sql_statements/insert_teams.sql: relation "silver.teams" does not exist
LINE 1: INSERT INTO silver.teams (
                    ^

2024-11-01 14:40:21,976 - ERROR - Error executing silver_sql_statements/insert_tournament_stages.sql: relation "silver.tournament_stages" does not exist
LINE 1: INSERT INTO silver.tournament_stages (
                    ^

2024-11-01 14:40:21,976 - ERROR - Error executing silver_sql_statements/insert_tournament_standings.sql: relation "silver.tournament_standings" does not exist
LINE 1: INSERT INTO silver.tournament_standings (
                    ^

2024-11-01 14:40:21,977 - ERROR - Error executing silver_sql_statements/insert_tournaments.sql: relation "silver.tournaments" does not exist
LINE 1: INSERT INTO silver.tournaments (
                    ^

2024-11-01 14:40:21,977 - INFO - Database connection closed.
2024-11-01 14:42:27,140 - INFO - Database connection established.
2024-11-01 14:42:27,150 - INFO - Executed silver_sql_statements/create_award_winners.sql successfully.
2024-11-01 14:42:27,152 - INFO - Executed silver_sql_statements/create_awards.sql successfully.
2024-11-01 14:42:27,154 - INFO - Executed silver_sql_statements/create_bookings.sql successfully.
2024-11-01 14:42:27,160 - ERROR - Error executing silver_sql_statements/create_confederations.sql: syntax error at or near "federations"
LINE 1: CREATE TABLE IF NOT EXISTS silver.con federations (
                                              ^

2024-11-01 14:42:27,165 - ERROR - Error executing silver_sql_statements/create_goals.sql: current transaction is aborted, commands ignored until end of transaction block

2024-11-01 14:42:27,165 - ERROR - Error executing silver_sql_statements/create_group_standings.sql: current transaction is aborted, commands ignored until end of transaction block

2024-11-01 14:42:27,166 - ERROR - Error executing silver_sql_statements/create_groups.sql: current transaction is aborted, commands ignored until end of transaction block

2024-11-01 14:42:27,166 - ERROR - Error executing silver_sql_statements/create_host_countries.sql: current transaction is aborted, commands ignored until end of transaction block

2024-11-01 14:42:27,167 - ERROR - Error executing silver_sql_statements/create_manager_appearances.sql: current transaction is aborted, commands ignored until end of transaction block

2024-11-01 14:42:27,167 - ERROR - Error executing silver_sql_statements/create_manager_appointments.sql: current transaction is aborted, commands ignored until end of transaction block

2024-11-01 14:42:27,168 - ERROR - Error executing silver_sql_statements/create_managers.sql: current transaction is aborted, commands ignored until end of transaction block

2024-11-01 14:42:27,168 - ERROR - Error executing silver_sql_statements/create_matches.sql: current transaction is aborted, commands ignored until end of transaction block

2024-11-01 14:42:27,169 - ERROR - Error executing silver_sql_statements/create_penalty_kicks.sql: current transaction is aborted, commands ignored until end of transaction block

2024-11-01 14:42:27,169 - ERROR - Error executing silver_sql_statements/create_player_appearances.sql: current transaction is aborted, commands ignored until end of transaction block

2024-11-01 14:42:27,169 - ERROR - Error executing silver_sql_statements/create_players.sql: current transaction is aborted, commands ignored until end of transaction block

2024-11-01 14:42:27,170 - ERROR - Error executing silver_sql_statements/create_qualified_teams.sql: current transaction is aborted, commands ignored until end of transaction block

2024-11-01 14:42:27,170 - ERROR - Error executing silver_sql_statements/create_referee_appearances.sql: current transaction is aborted, commands ignored until end of transaction block

2024-11-01 14:42:27,171 - ERROR - Error executing silver_sql_statements/create_referee_appointments.sql: current transaction is aborted, commands ignored until end of transaction block

2024-11-01 14:42:27,171 - ERROR - Error executing silver_sql_statements/create_referees.sql: current transaction is aborted, commands ignored until end of transaction block

2024-11-01 14:42:27,172 - ERROR - Error executing silver_sql_statements/create_squads.sql: current transaction is aborted, commands ignored until end of transaction block

2024-11-01 14:42:27,173 - ERROR - Error executing silver_sql_statements/create_stadiums.sql: current transaction is aborted, commands ignored until end of transaction block

2024-11-01 14:42:27,174 - ERROR - Error executing silver_sql_statements/create_substitutions.sql: current transaction is aborted, commands ignored until end of transaction block

2024-11-01 14:42:27,174 - ERROR - Error executing silver_sql_statements/create_team_appearances.sql: current transaction is aborted, commands ignored until end of transaction block

2024-11-01 14:42:27,176 - ERROR - Error executing silver_sql_statements/create_teams.sql: current transaction is aborted, commands ignored until end of transaction block

2024-11-01 14:42:27,176 - ERROR - Error executing silver_sql_statements/create_tournament_stages.sql: current transaction is aborted, commands ignored until end of transaction block

2024-11-01 14:42:27,177 - ERROR - Error executing silver_sql_statements/create_tournament_standings.sql: current transaction is aborted, commands ignored until end of transaction block

2024-11-01 14:42:27,178 - ERROR - Error executing silver_sql_statements/create_tournaments.sql: current transaction is aborted, commands ignored until end of transaction block

2024-11-01 14:42:27,178 - ERROR - Error executing silver_sql_statements/insert_award_winners.sql: current transaction is aborted, commands ignored until end of transaction block

2024-11-01 14:42:27,179 - ERROR - Error executing silver_sql_statements/insert_awards.sql: relation "silver.awards" does not exist
LINE 1: INSERT INTO silver.awards (key_id, award_id, award_name, awa...
                    ^

2024-11-01 14:42:27,181 - ERROR - Error executing silver_sql_statements/insert_bookings.sql: relation "silver.bookings" does not exist
LINE 1: INSERT INTO silver.bookings (
                    ^

2024-11-01 14:42:27,182 - ERROR - Error executing silver_sql_statements/insert_confederations.sql: syntax error at or near "federations"
LINE 1: INSERT INTO silver.con federations (
                               ^

2024-11-01 14:42:27,182 - ERROR - Error executing silver_sql_statements/insert_goals.sql: relation "silver.goals" does not exist
LINE 1: INSERT INTO silver.goals (
                    ^

2024-11-01 14:42:27,183 - ERROR - Error executing silver_sql_statements/insert_group_standings.sql: relation "silver.group_standings" does not exist
LINE 1: INSERT INTO silver.group_standings (
                    ^

2024-11-01 14:42:27,185 - ERROR - Error executing silver_sql_statements/insert_groups.sql: relation "silver.groups" does not exist
LINE 1: INSERT INTO silver.groups (
                    ^

2024-11-01 14:42:27,186 - ERROR - Error executing silver_sql_statements/insert_host_countries.sql: relation "silver.host_countries" does not exist
LINE 1: INSERT INTO silver.host_countries (
                    ^

2024-11-01 14:42:27,187 - ERROR - Error executing silver_sql_statements/insert_manager_appearances.sql: relation "silver.manager_appearances" does not exist
LINE 1: INSERT INTO silver.manager_appearances (
                    ^

2024-11-01 14:42:27,187 - ERROR - Error executing silver_sql_statements/insert_manager_appointments.sql: relation "silver.manager_appointments" does not exist
LINE 1: INSERT INTO silver.manager_appointments (
                    ^

2024-11-01 14:42:27,189 - ERROR - Error executing silver_sql_statements/insert_managers.sql: relation "silver.managers" does not exist
LINE 1: INSERT INTO silver.managers (
                    ^

2024-11-01 14:42:27,190 - ERROR - Error executing silver_sql_statements/insert_matches.sql: relation "silver.matches" does not exist
LINE 1: INSERT INTO silver.matches (
                    ^

2024-11-01 14:42:27,191 - ERROR - Error executing silver_sql_statements/insert_penalty_kicks.sql: relation "silver.penalty_kicks" does not exist
LINE 1: INSERT INTO silver.penalty_kicks (
                    ^

2024-11-01 14:42:27,192 - ERROR - Error executing silver_sql_statements/insert_player_appearances.sql: relation "silver.player_appearances" does not exist
LINE 1: INSERT INTO silver.player_appearances (
                    ^

2024-11-01 14:42:27,193 - ERROR - Error executing silver_sql_statements/insert_players.sql: relation "silver.players" does not exist
LINE 1: INSERT INTO silver.players (
                    ^

2024-11-01 14:42:27,194 - ERROR - Error executing silver_sql_statements/insert_qualified_teams.sql: relation "silver.qualified_teams" does not exist
LINE 1: INSERT INTO silver.qualified_teams (
                    ^

2024-11-01 14:42:27,195 - ERROR - Error executing silver_sql_statements/insert_referee_appearances.sql: relation "silver.referee_appearances" does not exist
LINE 1: INSERT INTO silver.referee_appearances (
                    ^

2024-11-01 14:42:27,195 - ERROR - Error executing silver_sql_statements/insert_referee_appointments.sql: relation "silver.referee_appointments" does not exist
LINE 1: INSERT INTO silver.referee_appointments (
                    ^

2024-11-01 14:42:27,196 - ERROR - Error executing silver_sql_statements/insert_referees.sql: relation "silver.referees" does not exist
LINE 1: INSERT INTO silver.referees (
                    ^

2024-11-01 14:42:27,197 - ERROR - Error executing silver_sql_statements/insert_squads.sql: relation "silver.squads" does not exist
LINE 1: INSERT INTO silver.squads (
                    ^

2024-11-01 14:42:27,198 - ERROR - Error executing silver_sql_statements/insert_stadiums.sql: relation "silver.stadiums" does not exist
LINE 1: INSERT INTO silver.stadiums (
                    ^

2024-11-01 14:42:27,198 - ERROR - Error executing silver_sql_statements/insert_substitutions.sql: relation "silver.substitutions" does not exist
LINE 1: INSERT INTO silver.substitutions (
                    ^

2024-11-01 14:42:27,199 - ERROR - Error executing silver_sql_statements/insert_team_appearances.sql: relation "silver.team_appearances" does not exist
LINE 1: INSERT INTO silver.team_appearances (
                    ^

2024-11-01 14:42:27,199 - ERROR - Error executing silver_sql_statements/insert_teams.sql: relation "silver.teams" does not exist
LINE 1: INSERT INTO silver.teams (
                    ^

2024-11-01 14:42:27,200 - ERROR - Error executing silver_sql_statements/insert_tournament_stages.sql: relation "silver.tournament_stages" does not exist
LINE 1: INSERT INTO silver.tournament_stages (
                    ^

2024-11-01 14:42:27,201 - ERROR - Error executing silver_sql_statements/insert_tournament_standings.sql: relation "silver.tournament_standings" does not exist
LINE 1: INSERT INTO silver.tournament_standings (
                    ^

2024-11-01 14:42:27,201 - ERROR - Error executing silver_sql_statements/insert_tournaments.sql: relation "silver.tournaments" does not exist
LINE 1: INSERT INTO silver.tournaments (
                    ^

2024-11-01 14:42:27,201 - INFO - Database connection closed.
2024-11-01 14:43:02,315 - INFO - Database connection established.
2024-11-01 14:43:02,315 - INFO - Executing create_award_winners.sql...
2024-11-01 14:43:02,324 - INFO - Executed silver_sql_statements/create_award_winners.sql successfully.
2024-11-01 14:43:02,325 - INFO - Executing create_awards.sql...
2024-11-01 14:43:02,326 - INFO - Executed silver_sql_statements/create_awards.sql successfully.
2024-11-01 14:43:02,326 - INFO - Executing create_bookings.sql...
2024-11-01 14:43:02,328 - INFO - Executed silver_sql_statements/create_bookings.sql successfully.
2024-11-01 14:43:02,328 - INFO - Executing create_confederations.sql...
2024-11-01 14:43:02,329 - ERROR - Error executing silver_sql_statements/create_confederations.sql: syntax error at or near "federations"
LINE 1: CREATE TABLE IF NOT EXISTS silver.con federations (
                                              ^

2024-11-01 14:43:02,329 - INFO - Executing create_goals.sql...
2024-11-01 14:43:02,331 - INFO - Executed silver_sql_statements/create_goals.sql successfully.
2024-11-01 14:43:02,331 - INFO - Executing create_group_standings.sql...
2024-11-01 14:43:02,333 - INFO - Executed silver_sql_statements/create_group_standings.sql successfully.
2024-11-01 14:43:02,333 - INFO - Executing create_groups.sql...
2024-11-01 14:43:02,334 - INFO - Executed silver_sql_statements/create_groups.sql successfully.
2024-11-01 14:43:02,335 - INFO - Executing create_host_countries.sql...
2024-11-01 14:43:02,336 - INFO - Executed silver_sql_statements/create_host_countries.sql successfully.
2024-11-01 14:43:02,336 - INFO - Executing create_manager_appearances.sql...
2024-11-01 14:43:02,337 - INFO - Executed silver_sql_statements/create_manager_appearances.sql successfully.
2024-11-01 14:43:02,338 - INFO - Executing create_manager_appointments.sql...
2024-11-01 14:43:02,339 - INFO - Executed silver_sql_statements/create_manager_appointments.sql successfully.
2024-11-01 14:43:02,340 - INFO - Executing create_managers.sql...
2024-11-01 14:43:02,341 - INFO - Executed silver_sql_statements/create_managers.sql successfully.
2024-11-01 14:43:02,341 - INFO - Executing create_matches.sql...
2024-11-01 14:43:02,342 - INFO - Executed silver_sql_statements/create_matches.sql successfully.
2024-11-01 14:43:02,342 - INFO - Executing create_penalty_kicks.sql...
2024-11-01 14:43:02,343 - INFO - Executed silver_sql_statements/create_penalty_kicks.sql successfully.
2024-11-01 14:43:02,344 - INFO - Executing create_player_appearances.sql...
2024-11-01 14:43:02,345 - INFO - Executed silver_sql_statements/create_player_appearances.sql successfully.
2024-11-01 14:43:02,345 - INFO - Executing create_players.sql...
2024-11-01 14:43:02,346 - INFO - Executed silver_sql_statements/create_players.sql successfully.
2024-11-01 14:43:02,347 - INFO - Executing create_qualified_teams.sql...
2024-11-01 14:43:02,348 - INFO - Executed silver_sql_statements/create_qualified_teams.sql successfully.
2024-11-01 14:43:02,348 - INFO - Executing create_referee_appearances.sql...
2024-11-01 14:43:02,349 - INFO - Executed silver_sql_statements/create_referee_appearances.sql successfully.
2024-11-01 14:43:02,350 - INFO - Executing create_referee_appointments.sql...
2024-11-01 14:43:02,351 - INFO - Executed silver_sql_statements/create_referee_appointments.sql successfully.
2024-11-01 14:43:02,351 - INFO - Executing create_referees.sql...
2024-11-01 14:43:02,353 - INFO - Executed silver_sql_statements/create_referees.sql successfully.
2024-11-01 14:43:02,354 - INFO - Executing create_squads.sql...
2024-11-01 14:43:02,355 - INFO - Executed silver_sql_statements/create_squads.sql successfully.
2024-11-01 14:43:02,356 - INFO - Executing create_stadiums.sql...
2024-11-01 14:43:02,357 - INFO - Executed silver_sql_statements/create_stadiums.sql successfully.
2024-11-01 14:43:02,357 - INFO - Executing create_substitutions.sql...
2024-11-01 14:43:02,358 - INFO - Executed silver_sql_statements/create_substitutions.sql successfully.
2024-11-01 14:43:02,359 - INFO - Executing create_team_appearances.sql...
2024-11-01 14:43:02,360 - INFO - Executed silver_sql_statements/create_team_appearances.sql successfully.
2024-11-01 14:43:02,360 - INFO - Executing create_teams.sql...
2024-11-01 14:43:02,361 - INFO - Executed silver_sql_statements/create_teams.sql successfully.
2024-11-01 14:43:02,362 - INFO - Executing create_tournament_stages.sql...
2024-11-01 14:43:02,363 - INFO - Executed silver_sql_statements/create_tournament_stages.sql successfully.
2024-11-01 14:43:02,363 - INFO - Executing create_tournament_standings.sql...
2024-11-01 14:43:02,365 - INFO - Executed silver_sql_statements/create_tournament_standings.sql successfully.
2024-11-01 14:43:02,365 - INFO - Executing create_tournaments.sql...
2024-11-01 14:43:02,366 - INFO - Executed silver_sql_statements/create_tournaments.sql successfully.
2024-11-01 14:43:02,367 - INFO - Executing insert_award_winners.sql...
2024-11-01 14:43:02,368 - INFO - Executed silver_sql_statements/insert_award_winners.sql successfully.
2024-11-01 14:43:02,368 - INFO - Executing insert_awards.sql...
2024-11-01 14:43:02,371 - INFO - Executed silver_sql_statements/insert_awards.sql successfully.
2024-11-01 14:43:02,372 - INFO - Executing insert_bookings.sql...
2024-11-01 14:43:02,372 - ERROR - Error executing silver_sql_statements/insert_bookings.sql: column "match_date" is of type date but expression is of type text
LINE 34:     match_date, 
             ^
HINT:  You will need to rewrite or cast the expression.

2024-11-01 14:43:02,372 - INFO - Executing insert_confederations.sql...
2024-11-01 14:43:02,373 - ERROR - Error executing silver_sql_statements/insert_confederations.sql: syntax error at or near "federations"
LINE 1: INSERT INTO silver.con federations (
                               ^

2024-11-01 14:43:02,373 - INFO - Executing insert_goals.sql...
2024-11-01 14:43:02,374 - ERROR - Error executing silver_sql_statements/insert_goals.sql: column "match_date" is of type date but expression is of type text
LINE 35:     match_date, 
             ^
HINT:  You will need to rewrite or cast the expression.

2024-11-01 14:43:02,374 - INFO - Executing insert_group_standings.sql...
2024-11-01 14:43:02,376 - INFO - Executed silver_sql_statements/insert_group_standings.sql successfully.
2024-11-01 14:43:02,376 - INFO - Executing insert_groups.sql...
2024-11-01 14:43:02,377 - INFO - Executed silver_sql_statements/insert_groups.sql successfully.
2024-11-01 14:43:02,378 - INFO - Executing insert_host_countries.sql...
2024-11-01 14:43:02,378 - ERROR - Error executing silver_sql_statements/insert_host_countries.sql: column "status" does not exist
LINE 13:     INITCAP(status) AS status
                     ^
DETAIL:  There is a column named "status" in table "host_countries", but it cannot be referenced from this part of the query.

2024-11-01 14:43:02,379 - INFO - Executing insert_manager_appearances.sql...
2024-11-01 14:43:02,379 - ERROR - Error executing silver_sql_statements/insert_manager_appearances.sql: column "match_date" is of type date but expression is of type text
LINE 24:     match_date, 
             ^
HINT:  You will need to rewrite or cast the expression.

2024-11-01 14:43:02,380 - INFO - Executing insert_manager_appointments.sql...
2024-11-01 14:43:02,382 - INFO - Executed silver_sql_statements/insert_manager_appointments.sql successfully.
2024-11-01 14:43:02,382 - INFO - Executing insert_managers.sql...
2024-11-01 14:43:02,384 - INFO - Executed silver_sql_statements/insert_managers.sql successfully.
2024-11-01 14:43:02,384 - INFO - Executing insert_matches.sql...
2024-11-01 14:43:02,385 - ERROR - Error executing silver_sql_statements/insert_matches.sql: column "match_date" is of type date but expression is of type text
LINE 50:     match_date, 
             ^
HINT:  You will need to rewrite or cast the expression.

2024-11-01 14:43:02,385 - INFO - Executing insert_penalty_kicks.sql...
2024-11-01 14:43:02,386 - ERROR - Error executing silver_sql_statements/insert_penalty_kicks.sql: column "match_date" is of type date but expression is of type text
LINE 27:     match_date, 
             ^
HINT:  You will need to rewrite or cast the expression.

2024-11-01 14:43:02,386 - INFO - Executing insert_player_appearances.sql...
2024-11-01 14:43:02,386 - ERROR - Error executing silver_sql_statements/insert_player_appearances.sql: column "match_date" is of type date but expression is of type text
LINE 31:     match_date, 
             ^
HINT:  You will need to rewrite or cast the expression.

2024-11-01 14:43:02,386 - INFO - Executing insert_players.sql...
2024-11-01 14:43:02,387 - ERROR - Error executing silver_sql_statements/insert_players.sql: column "birth_date" is of type date but expression is of type text
LINE 20:     birth_date, 
             ^
HINT:  You will need to rewrite or cast the expression.

2024-11-01 14:43:02,387 - INFO - Executing insert_qualified_teams.sql...
2024-11-01 14:43:02,389 - INFO - Executed silver_sql_statements/insert_qualified_teams.sql successfully.
2024-11-01 14:43:02,390 - INFO - Executing insert_referee_appearances.sql...
2024-11-01 14:43:02,390 - ERROR - Error executing silver_sql_statements/insert_referee_appearances.sql: column "match_date" is of type date but expression is of type text
LINE 24:     match_date, 
             ^
HINT:  You will need to rewrite or cast the expression.

2024-11-01 14:43:02,391 - INFO - Executing insert_referee_appointments.sql...
2024-11-01 14:43:02,392 - INFO - Executed silver_sql_statements/insert_referee_appointments.sql successfully.
2024-11-01 14:43:02,393 - INFO - Executing insert_referees.sql...
2024-11-01 14:43:02,395 - INFO - Executed silver_sql_statements/insert_referees.sql successfully.
2024-11-01 14:43:02,396 - INFO - Executing insert_squads.sql...
2024-11-01 14:43:02,421 - INFO - Executed silver_sql_statements/insert_squads.sql successfully.
2024-11-01 14:43:02,426 - INFO - Executing insert_stadiums.sql...
2024-11-01 14:43:02,428 - INFO - Executed silver_sql_statements/insert_stadiums.sql successfully.
2024-11-01 14:43:02,428 - INFO - Executing insert_substitutions.sql...
2024-11-01 14:43:02,429 - ERROR - Error executing silver_sql_statements/insert_substitutions.sql: column "match_date" is of type date but expression is of type text
LINE 34:     match_date, 
             ^
HINT:  You will need to rewrite or cast the expression.

2024-11-01 14:43:02,429 - INFO - Executing insert_team_appearances.sql...
2024-11-01 14:43:02,430 - ERROR - Error executing silver_sql_statements/insert_team_appearances.sql: column "match_date" is of type date but expression is of type text
LINE 51:     match_date, 
             ^
HINT:  You will need to rewrite or cast the expression.

2024-11-01 14:43:02,430 - INFO - Executing insert_teams.sql...
2024-11-01 14:43:02,431 - INFO - Executed silver_sql_statements/insert_teams.sql successfully.
2024-11-01 14:43:02,431 - INFO - Executing insert_tournament_stages.sql...
2024-11-01 14:43:02,432 - ERROR - Error executing silver_sql_statements/insert_tournament_stages.sql: column "start_date" is of type date but expression is of type text
LINE 28:     start_date, 
             ^
HINT:  You will need to rewrite or cast the expression.

2024-11-01 14:43:02,432 - INFO - Executing insert_tournament_standings.sql...
2024-11-01 14:43:02,433 - INFO - Executed silver_sql_statements/insert_tournament_standings.sql successfully.
2024-11-01 14:43:02,433 - INFO - Executing insert_tournaments.sql...
2024-11-01 14:43:02,434 - ERROR - Error executing silver_sql_statements/insert_tournaments.sql: column "start_date" is of type date but expression is of type text
LINE 26:     start_date, 
             ^
HINT:  You will need to rewrite or cast the expression.

2024-11-01 14:43:02,434 - INFO - Database connection closed.
2024-11-01 14:43:19,139 - INFO - Database connection established.
2024-11-01 14:43:19,139 - INFO - Executing create_award_winners.sql...
2024-11-01 14:43:19,141 - INFO - Executed silver_sql_statements/create_award_winners.sql successfully.
2024-11-01 14:43:19,141 - INFO - Executing create_awards.sql...
2024-11-01 14:43:19,142 - INFO - Executed silver_sql_statements/create_awards.sql successfully.
2024-11-01 14:43:19,143 - INFO - Executing create_bookings.sql...
2024-11-01 14:43:19,143 - INFO - Executed silver_sql_statements/create_bookings.sql successfully.
2024-11-01 14:43:19,144 - INFO - Executing create_confederations.sql...
2024-11-01 14:43:19,145 - ERROR - Error executing silver_sql_statements/create_confederations.sql: syntax error at or near "federations"
LINE 1: CREATE TABLE IF NOT EXISTS silver.con federations (
                                              ^

2024-11-01 14:43:19,145 - INFO - Executing create_goals.sql...
2024-11-01 14:43:19,146 - INFO - Executed silver_sql_statements/create_goals.sql successfully.
2024-11-01 14:43:19,146 - INFO - Executing create_group_standings.sql...
2024-11-01 14:43:19,147 - INFO - Executed silver_sql_statements/create_group_standings.sql successfully.
2024-11-01 14:43:19,147 - INFO - Executing create_groups.sql...
2024-11-01 14:43:19,148 - INFO - Executed silver_sql_statements/create_groups.sql successfully.
2024-11-01 14:43:19,148 - INFO - Executing create_host_countries.sql...
2024-11-01 14:43:19,149 - INFO - Executed silver_sql_statements/create_host_countries.sql successfully.
2024-11-01 14:43:19,150 - INFO - Executing create_manager_appearances.sql...
2024-11-01 14:43:19,151 - INFO - Executed silver_sql_statements/create_manager_appearances.sql successfully.
2024-11-01 14:43:19,151 - INFO - Executing create_manager_appointments.sql...
2024-11-01 14:43:19,152 - INFO - Executed silver_sql_statements/create_manager_appointments.sql successfully.
2024-11-01 14:43:19,152 - INFO - Executing create_managers.sql...
2024-11-01 14:43:19,153 - INFO - Executed silver_sql_statements/create_managers.sql successfully.
2024-11-01 14:43:19,153 - INFO - Executing create_matches.sql...
2024-11-01 14:43:19,154 - INFO - Executed silver_sql_statements/create_matches.sql successfully.
2024-11-01 14:43:19,154 - INFO - Executing create_penalty_kicks.sql...
2024-11-01 14:43:19,155 - INFO - Executed silver_sql_statements/create_penalty_kicks.sql successfully.
2024-11-01 14:43:19,155 - INFO - Executing create_player_appearances.sql...
2024-11-01 14:43:19,156 - INFO - Executed silver_sql_statements/create_player_appearances.sql successfully.
2024-11-01 14:43:19,156 - INFO - Executing create_players.sql...
2024-11-01 14:43:19,157 - INFO - Executed silver_sql_statements/create_players.sql successfully.
2024-11-01 14:43:19,157 - INFO - Executing create_qualified_teams.sql...
2024-11-01 14:43:19,158 - INFO - Executed silver_sql_statements/create_qualified_teams.sql successfully.
2024-11-01 14:43:19,158 - INFO - Executing create_referee_appearances.sql...
2024-11-01 14:43:19,159 - INFO - Executed silver_sql_statements/create_referee_appearances.sql successfully.
2024-11-01 14:43:19,159 - INFO - Executing create_referee_appointments.sql...
2024-11-01 14:43:19,160 - INFO - Executed silver_sql_statements/create_referee_appointments.sql successfully.
2024-11-01 14:43:19,160 - INFO - Executing create_referees.sql...
2024-11-01 14:43:19,161 - INFO - Executed silver_sql_statements/create_referees.sql successfully.
2024-11-01 14:43:19,161 - INFO - Executing create_squads.sql...
2024-11-01 14:43:19,162 - INFO - Executed silver_sql_statements/create_squads.sql successfully.
2024-11-01 14:43:19,162 - INFO - Executing create_stadiums.sql...
2024-11-01 14:43:19,163 - INFO - Executed silver_sql_statements/create_stadiums.sql successfully.
2024-11-01 14:43:19,163 - INFO - Executing create_substitutions.sql...
2024-11-01 14:43:19,165 - INFO - Executed silver_sql_statements/create_substitutions.sql successfully.
2024-11-01 14:43:19,165 - INFO - Executing create_team_appearances.sql...
2024-11-01 14:43:19,166 - INFO - Executed silver_sql_statements/create_team_appearances.sql successfully.
2024-11-01 14:43:19,166 - INFO - Executing create_teams.sql...
2024-11-01 14:43:19,168 - INFO - Executed silver_sql_statements/create_teams.sql successfully.
2024-11-01 14:43:19,168 - INFO - Executing create_tournament_stages.sql...
2024-11-01 14:43:19,169 - INFO - Executed silver_sql_statements/create_tournament_stages.sql successfully.
2024-11-01 14:43:19,169 - INFO - Executing create_tournament_standings.sql...
2024-11-01 14:43:19,170 - INFO - Executed silver_sql_statements/create_tournament_standings.sql successfully.
2024-11-01 14:43:19,170 - INFO - Executing create_tournaments.sql...
2024-11-01 14:43:19,171 - INFO - Executed silver_sql_statements/create_tournaments.sql successfully.
2024-11-01 14:43:19,171 - INFO - Executing insert_award_winners.sql...
2024-11-01 14:43:19,173 - ERROR - Error executing silver_sql_statements/insert_award_winners.sql: duplicate key value violates unique constraint "award_winners_pkey"
DETAIL:  Key (key_id)=(1) already exists.

2024-11-01 14:43:19,173 - INFO - Executing insert_awards.sql...
2024-11-01 14:43:19,175 - ERROR - Error executing silver_sql_statements/insert_awards.sql: duplicate key value violates unique constraint "awards_pkey"
DETAIL:  Key (award_id)=(A-1) already exists.

2024-11-01 14:43:19,175 - INFO - Executing insert_bookings.sql...
2024-11-01 14:43:19,176 - ERROR - Error executing silver_sql_statements/insert_bookings.sql: column "match_date" is of type date but expression is of type text
LINE 34:     match_date, 
             ^
HINT:  You will need to rewrite or cast the expression.

2024-11-01 14:43:19,177 - INFO - Executing insert_confederations.sql...
2024-11-01 14:43:19,177 - ERROR - Error executing silver_sql_statements/insert_confederations.sql: syntax error at or near "federations"
LINE 1: INSERT INTO silver.con federations (
                               ^

2024-11-01 14:43:19,178 - INFO - Executing insert_goals.sql...
2024-11-01 14:43:19,179 - ERROR - Error executing silver_sql_statements/insert_goals.sql: column "match_date" is of type date but expression is of type text
LINE 35:     match_date, 
             ^
HINT:  You will need to rewrite or cast the expression.

2024-11-01 14:43:19,179 - INFO - Executing insert_group_standings.sql...
2024-11-01 14:43:19,182 - INFO - Executed silver_sql_statements/insert_group_standings.sql successfully.
2024-11-01 14:43:19,184 - INFO - Executing insert_groups.sql...
2024-11-01 14:43:19,186 - INFO - Executed silver_sql_statements/insert_groups.sql successfully.
2024-11-01 14:43:19,187 - INFO - Executing insert_host_countries.sql...
2024-11-01 14:43:19,188 - ERROR - Error executing silver_sql_statements/insert_host_countries.sql: column "status" does not exist
LINE 13:     INITCAP(status) AS status
                     ^
DETAIL:  There is a column named "status" in table "host_countries", but it cannot be referenced from this part of the query.

2024-11-01 14:43:19,188 - INFO - Executing insert_manager_appearances.sql...
2024-11-01 14:43:19,189 - ERROR - Error executing silver_sql_statements/insert_manager_appearances.sql: column "match_date" is of type date but expression is of type text
LINE 24:     match_date, 
             ^
HINT:  You will need to rewrite or cast the expression.

2024-11-01 14:43:19,189 - INFO - Executing insert_manager_appointments.sql...
2024-11-01 14:43:19,193 - INFO - Executed silver_sql_statements/insert_manager_appointments.sql successfully.
2024-11-01 14:43:19,194 - INFO - Executing insert_managers.sql...
2024-11-01 14:43:19,195 - ERROR - Error executing silver_sql_statements/insert_managers.sql: duplicate key value violates unique constraint "managers_pkey"
DETAIL:  Key (manager_id)=(M-001) already exists.

2024-11-01 14:43:19,195 - INFO - Executing insert_matches.sql...
2024-11-01 14:43:19,195 - ERROR - Error executing silver_sql_statements/insert_matches.sql: column "match_date" is of type date but expression is of type text
LINE 50:     match_date, 
             ^
HINT:  You will need to rewrite or cast the expression.

2024-11-01 14:43:19,196 - INFO - Executing insert_penalty_kicks.sql...
2024-11-01 14:43:19,196 - ERROR - Error executing silver_sql_statements/insert_penalty_kicks.sql: column "match_date" is of type date but expression is of type text
LINE 27:     match_date, 
             ^
HINT:  You will need to rewrite or cast the expression.

2024-11-01 14:43:19,196 - INFO - Executing insert_player_appearances.sql...
2024-11-01 14:43:19,197 - ERROR - Error executing silver_sql_statements/insert_player_appearances.sql: column "match_date" is of type date but expression is of type text
LINE 31:     match_date, 
             ^
HINT:  You will need to rewrite or cast the expression.

2024-11-01 14:43:19,197 - INFO - Executing insert_players.sql...
2024-11-01 14:43:19,198 - ERROR - Error executing silver_sql_statements/insert_players.sql: column "birth_date" is of type date but expression is of type text
LINE 20:     birth_date, 
             ^
HINT:  You will need to rewrite or cast the expression.

2024-11-01 14:43:19,198 - INFO - Executing insert_qualified_teams.sql...
2024-11-01 14:43:19,198 - ERROR - Error executing silver_sql_statements/insert_qualified_teams.sql: duplicate key value violates unique constraint "qualified_teams_pkey"
DETAIL:  Key (key_id)=(1) already exists.

2024-11-01 14:43:19,199 - INFO - Executing insert_referee_appearances.sql...
2024-11-01 14:43:19,200 - ERROR - Error executing silver_sql_statements/insert_referee_appearances.sql: column "match_date" is of type date but expression is of type text
LINE 24:     match_date, 
             ^
HINT:  You will need to rewrite or cast the expression.

2024-11-01 14:43:19,200 - INFO - Executing insert_referee_appointments.sql...
2024-11-01 14:43:19,200 - ERROR - Error executing silver_sql_statements/insert_referee_appointments.sql: duplicate key value violates unique constraint "referee_appointments_pkey"
DETAIL:  Key (key_id)=(1) already exists.

2024-11-01 14:43:19,200 - INFO - Executing insert_referees.sql...
2024-11-01 14:43:19,201 - ERROR - Error executing silver_sql_statements/insert_referees.sql: duplicate key value violates unique constraint "referees_pkey"
DETAIL:  Key (key_id)=(1) already exists.

2024-11-01 14:43:19,201 - INFO - Executing insert_squads.sql...
2024-11-01 14:43:19,202 - ERROR - Error executing silver_sql_statements/insert_squads.sql: duplicate key value violates unique constraint "squads_pkey"
DETAIL:  Key (key_id)=(1) already exists.

2024-11-01 14:43:19,202 - INFO - Executing insert_stadiums.sql...
2024-11-01 14:43:19,202 - ERROR - Error executing silver_sql_statements/insert_stadiums.sql: duplicate key value violates unique constraint "stadiums_pkey"
DETAIL:  Key (key_id)=(1) already exists.

2024-11-01 14:43:19,202 - INFO - Executing insert_substitutions.sql...
2024-11-01 14:43:19,203 - ERROR - Error executing silver_sql_statements/insert_substitutions.sql: column "match_date" is of type date but expression is of type text
LINE 34:     match_date, 
             ^
HINT:  You will need to rewrite or cast the expression.

2024-11-01 14:43:19,203 - INFO - Executing insert_team_appearances.sql...
2024-11-01 14:43:19,204 - ERROR - Error executing silver_sql_statements/insert_team_appearances.sql: column "match_date" is of type date but expression is of type text
LINE 51:     match_date, 
             ^
HINT:  You will need to rewrite or cast the expression.

2024-11-01 14:43:19,204 - INFO - Executing insert_teams.sql...
2024-11-01 14:43:19,204 - ERROR - Error executing silver_sql_statements/insert_teams.sql: duplicate key value violates unique constraint "teams_pkey"
DETAIL:  Key (key_id)=(1) already exists.

2024-11-01 14:43:19,204 - INFO - Executing insert_tournament_stages.sql...
2024-11-01 14:43:19,205 - ERROR - Error executing silver_sql_statements/insert_tournament_stages.sql: column "start_date" is of type date but expression is of type text
LINE 28:     start_date, 
             ^
HINT:  You will need to rewrite or cast the expression.

2024-11-01 14:43:19,205 - INFO - Executing insert_tournament_standings.sql...
2024-11-01 14:43:19,206 - ERROR - Error executing silver_sql_statements/insert_tournament_standings.sql: duplicate key value violates unique constraint "tournament_standings_pkey"
DETAIL:  Key (key_id)=(1) already exists.

2024-11-01 14:43:19,206 - INFO - Executing insert_tournaments.sql...
2024-11-01 14:43:19,206 - ERROR - Error executing silver_sql_statements/insert_tournaments.sql: column "start_date" is of type date but expression is of type text
LINE 26:     start_date, 
             ^
HINT:  You will need to rewrite or cast the expression.

2024-11-01 14:43:19,206 - INFO - Database connection closed.
2024-11-01 14:47:36,992 - INFO - Database connection established.
2024-11-01 14:47:36,993 - INFO - Executing create_award_winners.sql...
2024-11-01 14:47:36,998 - INFO - Executed silver_sql_statements/create_award_winners.sql successfully.
2024-11-01 14:47:36,999 - INFO - Executing create_awards.sql...
2024-11-01 14:47:37,002 - INFO - Executed silver_sql_statements/create_awards.sql successfully.
2024-11-01 14:47:37,002 - INFO - Executing create_bookings.sql...
2024-11-01 14:47:37,005 - INFO - Executed silver_sql_statements/create_bookings.sql successfully.
2024-11-01 14:47:37,006 - INFO - Executing create_confederations.sql...
2024-11-01 14:47:37,007 - ERROR - Error executing silver_sql_statements/create_confederations.sql: syntax error at or near "federations"
LINE 1: CREATE TABLE IF NOT EXISTS silver.con federations (
                                              ^

2024-11-01 14:47:37,007 - INFO - Executing create_goals.sql...
2024-11-01 14:47:37,009 - INFO - Executed silver_sql_statements/create_goals.sql successfully.
2024-11-01 14:47:37,010 - INFO - Executing create_group_standings.sql...
2024-11-01 14:47:37,012 - INFO - Executed silver_sql_statements/create_group_standings.sql successfully.
2024-11-01 14:47:37,013 - INFO - Executing create_groups.sql...
2024-11-01 14:47:37,015 - INFO - Executed silver_sql_statements/create_groups.sql successfully.
2024-11-01 14:47:37,015 - INFO - Executing create_host_countries.sql...
2024-11-01 14:47:37,017 - INFO - Executed silver_sql_statements/create_host_countries.sql successfully.
2024-11-01 14:47:37,017 - INFO - Executing create_manager_appearances.sql...
2024-11-01 14:47:37,019 - INFO - Executed silver_sql_statements/create_manager_appearances.sql successfully.
2024-11-01 14:47:37,020 - INFO - Executing create_manager_appointments.sql...
2024-11-01 14:47:37,021 - INFO - Executed silver_sql_statements/create_manager_appointments.sql successfully.
2024-11-01 14:47:37,022 - INFO - Executing create_managers.sql...
2024-11-01 14:47:37,023 - INFO - Executed silver_sql_statements/create_managers.sql successfully.
2024-11-01 14:47:37,023 - INFO - Executing create_matches.sql...
2024-11-01 14:47:37,025 - INFO - Executed silver_sql_statements/create_matches.sql successfully.
2024-11-01 14:47:37,025 - INFO - Executing create_penalty_kicks.sql...
2024-11-01 14:47:37,026 - INFO - Executed silver_sql_statements/create_penalty_kicks.sql successfully.
2024-11-01 14:47:37,027 - INFO - Executing create_player_appearances.sql...
2024-11-01 14:47:37,028 - INFO - Executed silver_sql_statements/create_player_appearances.sql successfully.
2024-11-01 14:47:37,028 - INFO - Executing create_players.sql...
2024-11-01 14:47:37,031 - INFO - Executed silver_sql_statements/create_players.sql successfully.
2024-11-01 14:47:37,031 - INFO - Executing create_qualified_teams.sql...
2024-11-01 14:47:37,032 - INFO - Executed silver_sql_statements/create_qualified_teams.sql successfully.
2024-11-01 14:47:37,033 - INFO - Executing create_referee_appearances.sql...
2024-11-01 14:47:37,034 - INFO - Executed silver_sql_statements/create_referee_appearances.sql successfully.
2024-11-01 14:47:37,034 - INFO - Executing create_referee_appointments.sql...
2024-11-01 14:47:37,035 - INFO - Executed silver_sql_statements/create_referee_appointments.sql successfully.
2024-11-01 14:47:37,036 - INFO - Executing create_referees.sql...
2024-11-01 14:47:37,037 - INFO - Executed silver_sql_statements/create_referees.sql successfully.
2024-11-01 14:47:37,037 - INFO - Executing create_squads.sql...
2024-11-01 14:47:37,038 - INFO - Executed silver_sql_statements/create_squads.sql successfully.
2024-11-01 14:47:37,039 - INFO - Executing create_stadiums.sql...
2024-11-01 14:47:37,040 - INFO - Executed silver_sql_statements/create_stadiums.sql successfully.
2024-11-01 14:47:37,040 - INFO - Executing create_substitutions.sql...
2024-11-01 14:47:37,041 - INFO - Executed silver_sql_statements/create_substitutions.sql successfully.
2024-11-01 14:47:37,042 - INFO - Executing create_team_appearances.sql...
2024-11-01 14:47:37,043 - INFO - Executed silver_sql_statements/create_team_appearances.sql successfully.
2024-11-01 14:47:37,043 - INFO - Executing create_teams.sql...
2024-11-01 14:47:37,044 - INFO - Executed silver_sql_statements/create_teams.sql successfully.
2024-11-01 14:47:37,045 - INFO - Executing create_tournament_stages.sql...
2024-11-01 14:47:37,046 - INFO - Executed silver_sql_statements/create_tournament_stages.sql successfully.
2024-11-01 14:47:37,046 - INFO - Executing create_tournament_standings.sql...
2024-11-01 14:47:37,047 - INFO - Executed silver_sql_statements/create_tournament_standings.sql successfully.
2024-11-01 14:47:37,047 - INFO - Executing create_tournaments.sql...
2024-11-01 14:47:37,048 - INFO - Executed silver_sql_statements/create_tournaments.sql successfully.
2024-11-01 14:47:37,049 - INFO - Executing insert_award_winners.sql...
2024-11-01 14:47:37,051 - INFO - Executed silver_sql_statements/insert_award_winners.sql successfully.
2024-11-01 14:47:37,051 - INFO - Executing insert_awards.sql...
2024-11-01 14:47:37,052 - INFO - Executed silver_sql_statements/insert_awards.sql successfully.
2024-11-01 14:47:37,053 - INFO - Executing insert_bookings.sql...
2024-11-01 14:47:37,053 - ERROR - Error executing silver_sql_statements/insert_bookings.sql: column "match_date" is of type date but expression is of type text
LINE 34:     match_date, 
             ^
HINT:  You will need to rewrite or cast the expression.

2024-11-01 14:47:37,054 - INFO - Executing insert_confederations.sql...
2024-11-01 14:47:37,054 - ERROR - Error executing silver_sql_statements/insert_confederations.sql: syntax error at or near "federations"
LINE 1: INSERT INTO silver.con federations (
                               ^

2024-11-01 14:47:37,054 - INFO - Executing insert_goals.sql...
2024-11-01 14:47:37,055 - ERROR - Error executing silver_sql_statements/insert_goals.sql: column "match_date" is of type date but expression is of type text
LINE 35:     match_date, 
             ^
HINT:  You will need to rewrite or cast the expression.

2024-11-01 14:47:37,055 - INFO - Executing insert_group_standings.sql...
2024-11-01 14:47:37,057 - INFO - Executed silver_sql_statements/insert_group_standings.sql successfully.
2024-11-01 14:47:37,057 - INFO - Executing insert_groups.sql...
2024-11-01 14:47:37,058 - INFO - Executed silver_sql_statements/insert_groups.sql successfully.
2024-11-01 14:47:37,059 - INFO - Executing insert_host_countries.sql...
2024-11-01 14:47:37,059 - ERROR - Error executing silver_sql_statements/insert_host_countries.sql: column "status" does not exist
LINE 13:     INITCAP(status) AS status
                     ^
DETAIL:  There is a column named "status" in table "host_countries", but it cannot be referenced from this part of the query.

2024-11-01 14:47:37,060 - INFO - Executing insert_manager_appearances.sql...
2024-11-01 14:47:37,060 - ERROR - Error executing silver_sql_statements/insert_manager_appearances.sql: column "match_date" is of type date but expression is of type text
LINE 24:     match_date, 
             ^
HINT:  You will need to rewrite or cast the expression.

2024-11-01 14:47:37,060 - INFO - Executing insert_manager_appointments.sql...
2024-11-01 14:47:37,062 - INFO - Executed silver_sql_statements/insert_manager_appointments.sql successfully.
2024-11-01 14:47:37,062 - INFO - Executing insert_managers.sql...
2024-11-01 14:47:37,064 - INFO - Executed silver_sql_statements/insert_managers.sql successfully.
2024-11-01 14:47:37,064 - INFO - Executing insert_matches.sql...
2024-11-01 14:47:37,066 - ERROR - Error executing silver_sql_statements/insert_matches.sql: column "match_date" is of type date but expression is of type text
LINE 50:     match_date, 
             ^
HINT:  You will need to rewrite or cast the expression.

2024-11-01 14:47:37,066 - INFO - Executing insert_penalty_kicks.sql...
2024-11-01 14:47:37,067 - ERROR - Error executing silver_sql_statements/insert_penalty_kicks.sql: column "match_date" is of type date but expression is of type text
LINE 27:     match_date, 
             ^
HINT:  You will need to rewrite or cast the expression.

2024-11-01 14:47:37,067 - INFO - Executing insert_player_appearances.sql...
2024-11-01 14:47:37,067 - ERROR - Error executing silver_sql_statements/insert_player_appearances.sql: column "match_date" is of type date but expression is of type text
LINE 31:     match_date, 
             ^
HINT:  You will need to rewrite or cast the expression.

2024-11-01 14:47:37,068 - INFO - Executing insert_players.sql...
2024-11-01 14:47:37,068 - ERROR - Error executing silver_sql_statements/insert_players.sql: column "birth_date" is of type date but expression is of type text
LINE 20:     birth_date, 
             ^
HINT:  You will need to rewrite or cast the expression.

2024-11-01 14:47:37,068 - INFO - Executing insert_qualified_teams.sql...
2024-11-01 14:47:37,070 - INFO - Executed silver_sql_statements/insert_qualified_teams.sql successfully.
2024-11-01 14:47:37,070 - INFO - Executing insert_referee_appearances.sql...
2024-11-01 14:47:37,071 - ERROR - Error executing silver_sql_statements/insert_referee_appearances.sql: column "match_date" is of type date but expression is of type text
LINE 24:     match_date, 
             ^
HINT:  You will need to rewrite or cast the expression.

2024-11-01 14:47:37,071 - INFO - Executing insert_referee_appointments.sql...
2024-11-01 14:47:37,073 - INFO - Executed silver_sql_statements/insert_referee_appointments.sql successfully.
2024-11-01 14:47:37,073 - INFO - Executing insert_referees.sql...
2024-11-01 14:47:37,075 - INFO - Executed silver_sql_statements/insert_referees.sql successfully.
2024-11-01 14:47:37,076 - INFO - Executing insert_squads.sql...
2024-11-01 14:47:37,097 - INFO - Executed silver_sql_statements/insert_squads.sql successfully.
2024-11-01 14:47:37,100 - INFO - Executing insert_stadiums.sql...
2024-11-01 14:47:37,102 - INFO - Executed silver_sql_statements/insert_stadiums.sql successfully.
2024-11-01 14:47:37,102 - INFO - Executing insert_substitutions.sql...
2024-11-01 14:47:37,104 - ERROR - Error executing silver_sql_statements/insert_substitutions.sql: column "match_date" is of type date but expression is of type text
LINE 34:     match_date, 
             ^
HINT:  You will need to rewrite or cast the expression.

2024-11-01 14:47:37,104 - INFO - Executing insert_team_appearances.sql...
2024-11-01 14:47:37,105 - ERROR - Error executing silver_sql_statements/insert_team_appearances.sql: column "match_date" is of type date but expression is of type text
LINE 51:     match_date, 
             ^
HINT:  You will need to rewrite or cast the expression.

2024-11-01 14:47:37,105 - INFO - Executing insert_teams.sql...
2024-11-01 14:47:37,106 - INFO - Executed silver_sql_statements/insert_teams.sql successfully.
2024-11-01 14:47:37,106 - INFO - Executing insert_tournament_stages.sql...
2024-11-01 14:47:37,107 - ERROR - Error executing silver_sql_statements/insert_tournament_stages.sql: column "start_date" is of type date but expression is of type text
LINE 28:     start_date, 
             ^
HINT:  You will need to rewrite or cast the expression.

2024-11-01 14:47:37,107 - INFO - Executing insert_tournament_standings.sql...
2024-11-01 14:47:37,108 - INFO - Executed silver_sql_statements/insert_tournament_standings.sql successfully.
2024-11-01 14:47:37,108 - INFO - Executing insert_tournaments.sql...
2024-11-01 14:47:37,109 - ERROR - Error executing silver_sql_statements/insert_tournaments.sql: column "start_date" is of type date but expression is of type text
LINE 26:     start_date, 
             ^
HINT:  You will need to rewrite or cast the expression.

2024-11-01 14:47:37,109 - INFO - Database connection closed.
2024-11-01 14:48:41,263 - INFO - Database connection established.
2024-11-01 14:49:37,761 - INFO - Database connection established.
2024-11-01 14:49:37,762 - INFO - Executing create_award_winners.sql...
2024-11-01 14:49:37,770 - INFO - Executed silver_sql_statements/create_award_winners.sql successfully.
2024-11-01 14:49:37,772 - INFO - Executing create_awards.sql...
2024-11-01 14:49:37,774 - INFO - Executed silver_sql_statements/create_awards.sql successfully.
2024-11-01 14:49:37,775 - INFO - Executing create_bookings.sql...
2024-11-01 14:49:37,777 - INFO - Executed silver_sql_statements/create_bookings.sql successfully.
2024-11-01 14:49:37,778 - INFO - Executing create_confederations.sql...
2024-11-01 14:49:37,779 - ERROR - Error executing silver_sql_statements/create_confederations.sql: syntax error at or near "federations"
LINE 1: CREATE TABLE IF NOT EXISTS silver.con federations (
                                              ^

2024-11-01 14:49:37,779 - INFO - Executing create_goals.sql...
2024-11-01 14:49:37,781 - INFO - Executed silver_sql_statements/create_goals.sql successfully.
2024-11-01 14:49:37,782 - INFO - Executing create_group_standings.sql...
2024-11-01 14:49:37,784 - INFO - Executed silver_sql_statements/create_group_standings.sql successfully.
2024-11-01 14:49:37,785 - INFO - Executing create_groups.sql...
2024-11-01 14:49:37,786 - INFO - Executed silver_sql_statements/create_groups.sql successfully.
2024-11-01 14:49:37,787 - INFO - Executing create_host_countries.sql...
2024-11-01 14:49:37,788 - INFO - Executed silver_sql_statements/create_host_countries.sql successfully.
2024-11-01 14:49:37,789 - INFO - Executing create_manager_appearances.sql...
2024-11-01 14:49:37,790 - INFO - Executed silver_sql_statements/create_manager_appearances.sql successfully.
2024-11-01 14:49:37,791 - INFO - Executing create_manager_appointments.sql...
2024-11-01 14:49:37,792 - INFO - Executed silver_sql_statements/create_manager_appointments.sql successfully.
2024-11-01 14:49:37,793 - INFO - Executing create_managers.sql...
2024-11-01 14:49:37,794 - INFO - Executed silver_sql_statements/create_managers.sql successfully.
2024-11-01 14:49:37,795 - INFO - Executing create_matches.sql...
2024-11-01 14:49:37,797 - INFO - Executed silver_sql_statements/create_matches.sql successfully.
2024-11-01 14:49:37,798 - INFO - Executing create_penalty_kicks.sql...
2024-11-01 14:49:37,800 - INFO - Executed silver_sql_statements/create_penalty_kicks.sql successfully.
2024-11-01 14:49:37,800 - INFO - Executing create_player_appearances.sql...
2024-11-01 14:49:37,803 - INFO - Executed silver_sql_statements/create_player_appearances.sql successfully.
2024-11-01 14:49:37,804 - INFO - Executing create_players.sql...
2024-11-01 14:49:37,805 - INFO - Executed silver_sql_statements/create_players.sql successfully.
2024-11-01 14:49:37,806 - INFO - Executing create_qualified_teams.sql...
2024-11-01 14:49:37,807 - INFO - Executed silver_sql_statements/create_qualified_teams.sql successfully.
2024-11-01 14:49:37,807 - INFO - Executing create_referee_appearances.sql...
2024-11-01 14:49:37,809 - INFO - Executed silver_sql_statements/create_referee_appearances.sql successfully.
2024-11-01 14:49:37,810 - INFO - Executing create_referee_appointments.sql...
2024-11-01 14:49:37,811 - INFO - Executed silver_sql_statements/create_referee_appointments.sql successfully.
2024-11-01 14:49:37,812 - INFO - Executing create_referees.sql...
2024-11-01 14:49:37,813 - INFO - Executed silver_sql_statements/create_referees.sql successfully.
2024-11-01 14:49:37,814 - INFO - Executing create_squads.sql...
2024-11-01 14:49:37,815 - INFO - Executed silver_sql_statements/create_squads.sql successfully.
2024-11-01 14:49:37,815 - INFO - Executing create_stadiums.sql...
2024-11-01 14:49:37,816 - INFO - Executed silver_sql_statements/create_stadiums.sql successfully.
2024-11-01 14:49:37,816 - INFO - Executing create_substitutions.sql...
2024-11-01 14:49:37,817 - INFO - Executed silver_sql_statements/create_substitutions.sql successfully.
2024-11-01 14:49:37,818 - INFO - Executing create_team_appearances.sql...
2024-11-01 14:49:37,819 - INFO - Executed silver_sql_statements/create_team_appearances.sql successfully.
2024-11-01 14:49:37,819 - INFO - Executing create_teams.sql...
2024-11-01 14:49:37,820 - INFO - Executed silver_sql_statements/create_teams.sql successfully.
2024-11-01 14:49:37,821 - INFO - Executing create_tournament_stages.sql...
2024-11-01 14:49:37,822 - INFO - Executed silver_sql_statements/create_tournament_stages.sql successfully.
2024-11-01 14:49:37,822 - INFO - Executing create_tournament_standings.sql...
2024-11-01 14:49:37,823 - INFO - Executed silver_sql_statements/create_tournament_standings.sql successfully.
2024-11-01 14:49:37,824 - INFO - Executing create_tournaments.sql...
2024-11-01 14:49:37,824 - INFO - Executed silver_sql_statements/create_tournaments.sql successfully.
2024-11-01 14:49:37,825 - INFO - Executing insert_award_winners.sql...
2024-11-01 14:49:37,826 - INFO - Executed silver_sql_statements/insert_award_winners.sql successfully.
2024-11-01 14:49:37,827 - INFO - Executing insert_awards.sql...
2024-11-01 14:49:37,828 - INFO - Executed silver_sql_statements/insert_awards.sql successfully.
2024-11-01 14:49:37,828 - INFO - Executing insert_bookings.sql...
2024-11-01 14:49:37,829 - ERROR - Error executing silver_sql_statements/insert_bookings.sql: column "match_date" is of type date but expression is of type text
LINE 34:     match_date, 
             ^
HINT:  You will need to rewrite or cast the expression.

2024-11-01 14:49:37,829 - INFO - Executing insert_confederations.sql...
2024-11-01 14:49:37,830 - ERROR - Error executing silver_sql_statements/insert_confederations.sql: syntax error at or near "federations"
LINE 1: INSERT INTO silver.con federations (
                               ^

2024-11-01 14:49:37,830 - INFO - Executing insert_goals.sql...
2024-11-01 14:49:37,831 - ERROR - Error executing silver_sql_statements/insert_goals.sql: column "match_date" is of type date but expression is of type text
LINE 35:     match_date, 
             ^
HINT:  You will need to rewrite or cast the expression.

2024-11-01 14:49:37,831 - INFO - Executing insert_group_standings.sql...
2024-11-01 14:49:37,833 - INFO - Executed silver_sql_statements/insert_group_standings.sql successfully.
2024-11-01 14:49:37,833 - INFO - Executing insert_groups.sql...
2024-11-01 14:49:37,834 - INFO - Executed silver_sql_statements/insert_groups.sql successfully.
2024-11-01 14:49:37,835 - INFO - Executing insert_host_countries.sql...
2024-11-01 14:49:37,837 - ERROR - Error executing silver_sql_statements/insert_host_countries.sql: column "status" does not exist
LINE 13:     INITCAP(status) AS status
                     ^
DETAIL:  There is a column named "status" in table "host_countries", but it cannot be referenced from this part of the query.

2024-11-01 14:49:37,837 - INFO - Executing insert_manager_appearances.sql...
2024-11-01 14:49:37,838 - ERROR - Error executing silver_sql_statements/insert_manager_appearances.sql: column "match_date" is of type date but expression is of type text
LINE 24:     match_date, 
             ^
HINT:  You will need to rewrite or cast the expression.

2024-11-01 14:49:37,838 - INFO - Executing insert_manager_appointments.sql...
2024-11-01 14:49:37,840 - INFO - Executed silver_sql_statements/insert_manager_appointments.sql successfully.
2024-11-01 14:49:37,841 - INFO - Executing insert_managers.sql...
2024-11-01 14:49:37,842 - INFO - Executed silver_sql_statements/insert_managers.sql successfully.
2024-11-01 14:49:37,843 - INFO - Executing insert_matches.sql...
2024-11-01 14:49:37,844 - ERROR - Error executing silver_sql_statements/insert_matches.sql: column "match_date" is of type date but expression is of type text
LINE 50:     match_date, 
             ^
HINT:  You will need to rewrite or cast the expression.

2024-11-01 14:49:37,844 - INFO - Executing insert_penalty_kicks.sql...
2024-11-01 14:49:37,845 - ERROR - Error executing silver_sql_statements/insert_penalty_kicks.sql: column "match_date" is of type date but expression is of type text
LINE 27:     match_date, 
             ^
HINT:  You will need to rewrite or cast the expression.

2024-11-01 14:49:37,845 - INFO - Executing insert_player_appearances.sql...
2024-11-01 14:49:37,846 - ERROR - Error executing silver_sql_statements/insert_player_appearances.sql: column "match_date" is of type date but expression is of type text
LINE 31:     match_date, 
             ^
HINT:  You will need to rewrite or cast the expression.

2024-11-01 14:49:37,846 - INFO - Executing insert_players.sql...
2024-11-01 14:49:37,847 - ERROR - Error executing silver_sql_statements/insert_players.sql: column "birth_date" is of type date but expression is of type text
LINE 20:     birth_date, 
             ^
HINT:  You will need to rewrite or cast the expression.

2024-11-01 14:49:37,847 - INFO - Executing insert_qualified_teams.sql...
2024-11-01 14:49:37,848 - INFO - Executed silver_sql_statements/insert_qualified_teams.sql successfully.
2024-11-01 14:49:37,849 - INFO - Executing insert_referee_appearances.sql...
2024-11-01 14:49:37,850 - ERROR - Error executing silver_sql_statements/insert_referee_appearances.sql: column "match_date" is of type date but expression is of type text
LINE 24:     match_date, 
             ^
HINT:  You will need to rewrite or cast the expression.

2024-11-01 14:49:37,850 - INFO - Executing insert_referee_appointments.sql...
2024-11-01 14:49:37,852 - INFO - Executed silver_sql_statements/insert_referee_appointments.sql successfully.
2024-11-01 14:49:37,852 - INFO - Executing insert_referees.sql...
2024-11-01 14:49:37,853 - INFO - Executed silver_sql_statements/insert_referees.sql successfully.
2024-11-01 14:49:37,854 - INFO - Executing insert_squads.sql...
2024-11-01 14:49:37,875 - INFO - Executed silver_sql_statements/insert_squads.sql successfully.
2024-11-01 14:49:37,878 - INFO - Executing insert_stadiums.sql...
2024-11-01 14:49:37,880 - INFO - Executed silver_sql_statements/insert_stadiums.sql successfully.
2024-11-01 14:49:37,880 - INFO - Executing insert_substitutions.sql...
2024-11-01 14:49:37,881 - ERROR - Error executing silver_sql_statements/insert_substitutions.sql: column "match_date" is of type date but expression is of type text
LINE 34:     match_date, 
             ^
HINT:  You will need to rewrite or cast the expression.

2024-11-01 14:49:37,881 - INFO - Executing insert_team_appearances.sql...
2024-11-01 14:49:37,882 - ERROR - Error executing silver_sql_statements/insert_team_appearances.sql: column "match_date" is of type date but expression is of type text
LINE 51:     match_date, 
             ^
HINT:  You will need to rewrite or cast the expression.

2024-11-01 14:49:37,882 - INFO - Executing insert_teams.sql...
2024-11-01 14:49:37,883 - INFO - Executed silver_sql_statements/insert_teams.sql successfully.
2024-11-01 14:49:37,884 - INFO - Executing insert_tournament_stages.sql...
2024-11-01 14:49:37,884 - ERROR - Error executing silver_sql_statements/insert_tournament_stages.sql: column "start_date" is of type date but expression is of type text
LINE 28:     start_date, 
             ^
HINT:  You will need to rewrite or cast the expression.

2024-11-01 14:49:37,884 - INFO - Executing insert_tournament_standings.sql...
2024-11-01 14:49:37,885 - INFO - Executed silver_sql_statements/insert_tournament_standings.sql successfully.
2024-11-01 14:49:37,885 - INFO - Executing insert_tournaments.sql...
2024-11-01 14:49:37,886 - ERROR - Error executing silver_sql_statements/insert_tournaments.sql: column "start_date" is of type date but expression is of type text
LINE 26:     start_date, 
             ^
HINT:  You will need to rewrite or cast the expression.

2024-11-01 14:49:37,886 - INFO - Database connection closed.
